0 verbose cli C:\Program Files\nodejs\node.exe C:\Users\NihAlp\AppData\Roaming\npm\node_modules\npm\bin\npm-cli.js
1 info using npm@11.4.2
2 info using node@v22.15.0
3 silly config load:file:C:\Users\NihAlp\AppData\Roaming\npm\node_modules\npm\npmrc
4 info config found workspace root at D:\NihAlp\Cursor_Developing\careerBridge
5 silly config load:file:D:\NihAlp\Cursor_Developing\careerBridge\.npmrc
6 silly config load:file:C:\Users\NihAlp\.npmrc
7 silly config load:file:C:\Users\NihAlp\AppData\Roaming\npm\etc\npmrc
8 verbose title npm exec eslint . --max-warnings 0
9 verbose argv "exec" "--" "eslint" "." "--max-warnings" "0"
10 verbose logfile logs-max:10 dir:D:\NihAlp\Cursor_Developing\careerBridge\apps\web\.npm-cache\_logs\2026-04-09T20_10_39_963Z-
11 verbose logfile D:\NihAlp\Cursor_Developing\careerBridge\apps\web\.npm-cache\_logs\2026-04-09T20_10_39_963Z-debug-0.log
12 silly logfile done cleaning log files
13 http fetch GET 200 https://registry.npmjs.org/npm 881ms
14 verbose cwd D:\NihAlp\Cursor_Developing\careerBridge\apps\web
15 verbose os Windows_NT 10.0.26200
16 verbose node v22.15.0
17 verbose npm  v11.4.2
18 notice
18 notice New minor version of npm available! 11.4.2 -> 11.12.1
18 notice Changelog: https://github.com/npm/cli/releases/tag/v11.12.1
18 notice To update run: npm install -g npm@11.12.1
18 notice  { force: true, [Symbol(proc-log.meta)]: true }
19 verbose exit 1
20 verbose code 1
